Start testing: Jan 06 21:41 CET
----------------------------------------------------------
Unable to find executable: _unit_tests
1/1 Testing: AgarioTest
1/1 Test: AgarioTest
Command: ""
Directory: /home/michalkopec/SEM5/ZPR_Projekt/projekt/build/tests
"AgarioTest" start time: 
Output:
----------------------------------------------------------
<end of output>
Test time =   0.00 sec
----------------------------------------------------------
Test Passed.
"AgarioTest" end time: Jan 06 21:41 CET
"AgarioTest" time elapsed: 00:00:00
----------------------------------------------------------

End testing: Jan 06 21:41 CET
